<?xml version="1.0" encoding="UTF-8"?>
<testsuite xmlns:xsi="http://www.w3.org/2001/XMLSchema-instance" xsi:noNamespaceSchemaLocation="https://maven.apache.org/surefire/maven-surefire-plugin/xsd/surefire-test-report-3.0.xsd" version="3.0" name="com.Unipampa.AppTest" time="0.039" tests="1" errors="0" skipped="0" failures="0">
  <properties>
    <property name="java.specification.version" value="21"/>
    <property name="sun.jnu.encoding" value="UTF-8"/>
    <property name="java.class.path" value="/mnt/e/Projetos/ThePacoca/target/test-classes:/mnt/e/Projetos/ThePacoca/target/classes:/home/toninho/.m2/repository/org/openjfx/javafx-controls/21.0.7/javafx-controls-21.0.7.jar:/home/toninho/.m2/repository/org/openjfx/javafx-controls/21.0.7/javafx-controls-21.0.7-linux.jar:/home/toninho/.m2/repository/org/openjfx/javafx-graphics/21.0.7/javafx-graphics-21.0.7.jar:/home/toninho/.m2/repository/org/openjfx/javafx-graphics/21.0.7/javafx-graphics-21.0.7-linux.jar:/home/toninho/.m2/repository/org/openjfx/javafx-base/21.0.7/javafx-base-21.0.7.jar:/home/toninho/.m2/repository/org/openjfx/javafx-base/21.0.7/javafx-base-21.0.7-linux.jar:/home/toninho/.m2/repository/org/openjfx/javafx-fxml/21.0.7/javafx-fxml-21.0.7.jar:/home/toninho/.m2/repository/org/openjfx/javafx-fxml/21.0.7/javafx-fxml-21.0.7-linux.jar:/home/toninho/.m2/repository/junit/junit/3.8.1/junit-3.8.1.jar:"/>
    <property name="java.vm.vendor" value="Red Hat, Inc."/>
    <property name="sun.arch.data.model" value="64"/>
    <property name="java.vendor.url" value="https://www.redhat.com/"/>
    <property name="os.name" value="Linux"/>
    <property name="java.vm.specification.version" value="21"/>
    <property name="sun.java.launcher" value="SUN_STANDARD"/>
    <property name="user.country" value="US"/>
    <property name="sun.boot.library.path" value="/usr/lib/jvm/java-21-openjdk/lib"/>
    <property name="sun.java.command" value="/mnt/e/Projetos/ThePacoca/target/surefire/surefirebooter-20250612123123327_3.jar /mnt/e/Projetos/ThePacoca/target/surefire 2025-06-12T12-31-23_170-jvmRun1 surefire-20250612123123327_1tmp surefire_0-20250612123123327_2tmp"/>
    <property name="jdk.debug" value="release"/>
    <property name="surefire.test.class.path" value="/mnt/e/Projetos/ThePacoca/target/test-classes:/mnt/e/Projetos/ThePacoca/target/classes:/home/toninho/.m2/repository/org/openjfx/javafx-controls/21.0.7/javafx-controls-21.0.7.jar:/home/toninho/.m2/repository/org/openjfx/javafx-controls/21.0.7/javafx-controls-21.0.7-linux.jar:/home/toninho/.m2/repository/org/openjfx/javafx-graphics/21.0.7/javafx-graphics-21.0.7.jar:/home/toninho/.m2/repository/org/openjfx/javafx-graphics/21.0.7/javafx-graphics-21.0.7-linux.jar:/home/toninho/.m2/repository/org/openjfx/javafx-base/21.0.7/javafx-base-21.0.7.jar:/home/toninho/.m2/repository/org/openjfx/javafx-base/21.0.7/javafx-base-21.0.7-linux.jar:/home/toninho/.m2/repository/org/openjfx/javafx-fxml/21.0.7/javafx-fxml-21.0.7.jar:/home/toninho/.m2/repository/org/openjfx/javafx-fxml/21.0.7/javafx-fxml-21.0.7-linux.jar:/home/toninho/.m2/repository/junit/junit/3.8.1/junit-3.8.1.jar:"/>
    <property name="sun.cpu.endian" value="little"/>
    <property name="user.home" value="/home/toninho"/>
    <property name="user.language" value="en"/>
    <property name="java.specification.vendor" value="Oracle Corporation"/>
    <property name="java.version.date" value="2025-04-15"/>
    <property name="java.home" value="/usr/lib/jvm/java-21-openjdk"/>
    <property name="file.separator" value="/"/>
    <property name="basedir" value="/mnt/e/Projetos/ThePacoca"/>
    <property name="java.vm.compressedOopsMode" value="32-bit"/>
    <property name="line.separator" value="&#10;"/>
    <property name="java.specification.name" value="Java Platform API Specification"/>
    <property name="java.vm.specification.vendor" value="Oracle Corporation"/>
    <property name="surefire.real.class.path" value="/mnt/e/Projetos/ThePacoca/target/surefire/surefirebooter-20250612123123327_3.jar"/>
    <property name="sun.management.compiler" value="HotSpot 64-Bit Tiered Compilers"/>
    <property name="java.runtime.version" value="21.0.7+6"/>
    <property name="user.name" value="toninho"/>
    <property name="stdout.encoding" value="UTF-8"/>
    <property name="path.separator" value=":"/>
    <property name="os.version" value="6.6.87.1-microsoft-standard-WSL2"/>
    <property name="java.runtime.name" value="OpenJDK Runtime Environment"/>
    <property name="file.encoding" value="UTF-8"/>
    <property name="java.vm.name" value="OpenJDK 64-Bit Server VM"/>
    <property name="java.vendor.version" value="(Red_Hat-21.0.7.0.6-2)"/>
    <property name="localRepository" value="/home/toninho/.m2/repository"/>
    <property name="java.vendor.url.bug" value="https://bugzilla.redhat.com/enter_bug.cgi?product=Fedora&amp;component=java-21-openjdk&amp;version=41"/>
    <property name="java.io.tmpdir" value="/tmp"/>
    <property name="java.version" value="21.0.7"/>
    <property name="user.dir" value="/mnt/e/Projetos/ThePacoca"/>
    <property name="os.arch" value="amd64"/>
    <property name="java.vm.specification.name" value="Java Virtual Machine Specification"/>
    <property name="native.encoding" value="UTF-8"/>
    <property name="java.library.path" value="/usr/java/packages/lib:/usr/lib64:/lib64:/lib:/usr/lib"/>
    <property name="java.vm.info" value="mixed mode, sharing"/>
    <property name="stderr.encoding" value="UTF-8"/>
    <property name="java.vendor" value="Red Hat, Inc."/>
    <property name="java.vm.version" value="21.0.7+6"/>
    <property name="sun.io.unicode.encoding" value="UnicodeLittle"/>
    <property name="java.class.version" value="65.0"/>
  </properties>
  <testcase name="testApp" classname="com.Unipampa.AppTest" time="0.007"/>
</testsuite>